Build started 9/4/2015 12:22:28 PM.
     1>Project "C:\Users\gerald\Documents\main\ListfulDraft TY\UnitTest\UnitTest.vcxproj" on node 2 (Build target(s)).
     1>ClCompile:
         C:\Program Files (x86)\Microsoft Visual Studio 11.0\VC\bin\CL.exe /c /I"C:\Users\yyyueying\Documents\Visual Studio 2012\Projects\Listful\Jasmine LALALLAAL\ListfulDraft" /I"C:\Program Files (x86)\Microsoft Visual Studio 11.0\VC\UnitTest\include" /ZI /nologo /W3 /WX- /Od /Oy- /D WIN32 /D _DEBUG /D _WINDLL /D _UNICODE /D UNICODE /Gm /EHsc /RTC1 /MDd /GS /fp:precise /Zc:wchar_t /Zc:forScope /Yc"stdafx.h" /Fp"Debug\UnitTest.pch" /Fo"Debug\\" /Fd"Debug\vc110.pdb" /Gd /TP /analyze- /FC /errorReport:prompt stdafx.cpp
         stdafx.cpp
     1>c:\users\gerald\documents\main\listfuldraft ty\unittest\stdafx.h(14): fatal error C1083: Cannot open include file: 'Classes.h': No such file or directory
     1>Done Building Project "C:\Users\gerald\Documents\main\ListfulDraft TY\UnitTest\UnitTest.vcxproj" (Build target(s)) -- FAILED.

Build FAILED.

Time Elapsed 00:00:00.72
